[debug] [2022-02-16T18:39:15.610Z] ----------------------------------------------------------------------
[debug] [2022-02-16T18:39:15.612Z] Command:       C:\Program Files\nodejs\node.exe C:\Users\Iycma\AppData\Roaming\npm\node_modules\firebase-tools\lib\bin\firebase.js deploy
[debug] [2022-02-16T18:39:15.613Z] CLI Version:   9.23.0
[debug] [2022-02-16T18:39:15.613Z] Platform:      win32
[debug] [2022-02-16T18:39:15.613Z] Node Version:  v14.17.1
[debug] [2022-02-16T18:39:15.614Z] Time:          Wed Feb 16 2022 19:39:15 GMT+0100 (Ora standard dell’Europa centrale)
[debug] [2022-02-16T18:39:15.614Z] ----------------------------------------------------------------------
[debug] 
[debug] [2022-02-16T18:39:15.665Z] > command requires scopes: ["email","openid","https://www.googleapis.com/auth/cloudplatformprojects.readonly","https://www.googleapis.com/auth/firebase","https://www.googleapis.com/auth/cloud-platform"]
[debug] [2022-02-16T18:39:15.665Z] > authorizing via signed-in user (episerjob@gmail.com)
[debug] [2022-02-16T18:39:15.665Z] [iam] checking project episjobadmin for permissions ["firebase.projects.get","firebasehosting.sites.update"]
[debug] [2022-02-16T18:39:15.667Z] > refreshing access token with scopes: ["email","https://www.googleapis.com/auth/cloud-platform","https://www.googleapis.com/auth/cloudplatformprojects.readonly","https://www.googleapis.com/auth/firebase","openid"]
[debug] [2022-02-16T18:39:15.667Z] >>> HTTP REQUEST POST https://www.googleapis.com/oauth2/v3/token  
 <request body omitted>
[debug] [2022-02-16T18:39:15.802Z] <<< HTTP RESPONSE 200 {"pragma":"no-cache","date":"Wed, 16 Feb 2022 18:39:15 GMT","cache-control":"no-cache, no-store, max-age=0, must-revalidate","expires":"Mon, 01 Jan 1990 00:00:00 GMT","content-type":"application/json; charset=utf-8","vary":"X-Origin, Referer, Origin,Accept-Encoding","server":"scaffolding on HTTPServer2","x-xss-protection":"0","x-frame-options":"SAMEORIGIN","x-content-type-options":"nosniff","alt-svc":"h3=\":443\"; ma=2592000,h3-29=\":443\"; ma=2592000,h3-Q050=\":443\"; ma=2592000,h3-Q046=\":443\"; ma=2592000,h3-Q043=\":443\"; ma=2592000,quic=\":443\"; ma=2592000; v=\"46,43\"","accept-ranges":"none","transfer-encoding":"chunked"}
[debug] [2022-02-16T18:39:15.816Z] >>> HTTP REQUEST POST https://cloudresourcemanager.googleapis.com/v1/projects/episjobadmin:testIamPermissions  
 {"permissions":["firebase.projects.get","firebasehosting.sites.update"]}
[debug] [2022-02-16T18:39:16.596Z] <<< HTTP RESPONSE 200 {"content-type":"application/json; charset=UTF-8","vary":"X-Origin, Referer, Origin,Accept-Encoding","date":"Wed, 16 Feb 2022 18:39:16 GMT","server":"ESF","cache-control":"private","x-xss-protection":"0","x-frame-options":"SAMEORIGIN","x-content-type-options":"nosniff","server-timing":"gfet4t7; dur=649","alt-svc":"h3=\":443\"; ma=2592000,h3-29=\":443\"; ma=2592000,h3-Q050=\":443\"; ma=2592000,h3-Q046=\":443\"; ma=2592000,h3-Q043=\":443\"; ma=2592000,quic=\":443\"; ma=2592000; v=\"46,43\"","accept-ranges":"none","transfer-encoding":"chunked"}
[debug] [2022-02-16T18:39:16.599Z] > refreshing access token with scopes: []
[debug] [2022-02-16T18:39:16.599Z] >>> HTTP REQUEST POST https://www.googleapis.com/oauth2/v3/token  
 <request body omitted>
[debug] [2022-02-16T18:39:16.693Z] <<< HTTP RESPONSE 200 {"date":"Wed, 16 Feb 2022 18:39:16 GMT","cache-control":"no-cache, no-store, max-age=0, must-revalidate","pragma":"no-cache","expires":"Mon, 01 Jan 1990 00:00:00 GMT","content-type":"application/json; charset=utf-8","vary":"X-Origin, Referer, Origin,Accept-Encoding","server":"scaffolding on HTTPServer2","x-xss-protection":"0","x-frame-options":"SAMEORIGIN","x-content-type-options":"nosniff","alt-svc":"h3=\":443\"; ma=2592000,h3-29=\":443\"; ma=2592000,h3-Q050=\":443\"; ma=2592000,h3-Q046=\":443\"; ma=2592000,h3-Q043=\":443\"; ma=2592000,quic=\":443\"; ma=2592000; v=\"46,43\"","accept-ranges":"none","transfer-encoding":"chunked"}
[debug] [2022-02-16T18:39:16.704Z] >>> [apiv2][query] GET https://firebase.googleapis.com/v1beta1/projects/episjobadmin [none]
[debug] [2022-02-16T18:39:17.032Z] <<< [apiv2][status] GET https://firebase.googleapis.com/v1beta1/projects/episjobadmin 200
[debug] [2022-02-16T18:39:17.032Z] <<< [apiv2][body] GET https://firebase.googleapis.com/v1beta1/projects/episjobadmin {"projectId":"episjobadmin","projectNumber":"519562224364","displayName":"episjobadmin","name":"projects/episjobadmin","resources":{"hostingSite":"episjobadmin"},"state":"ACTIVE"}
[info] 
[info] === Deploying to 'episjobadmin'...
[info] 
[info] i  deploying hosting 
[debug] [2022-02-16T18:39:17.036Z] > refreshing access token with scopes: ["email","https://www.googleapis.com/auth/cloud-platform","https://www.googleapis.com/auth/cloudplatformprojects.readonly","https://www.googleapis.com/auth/firebase","openid"]
[debug] [2022-02-16T18:39:17.036Z] >>> HTTP REQUEST POST https://www.googleapis.com/oauth2/v3/token  
 <request body omitted>
[debug] [2022-02-16T18:39:17.151Z] <<< HTTP RESPONSE 200 {"date":"Wed, 16 Feb 2022 18:39:17 GMT","expires":"Mon, 01 Jan 1990 00:00:00 GMT","cache-control":"no-cache, no-store, max-age=0, must-revalidate","pragma":"no-cache","content-type":"application/json; charset=utf-8","vary":"X-Origin, Referer, Origin,Accept-Encoding","server":"scaffolding on HTTPServer2","x-xss-protection":"0","x-frame-options":"SAMEORIGIN","x-content-type-options":"nosniff","alt-svc":"h3=\":443\"; ma=2592000,h3-29=\":443\"; ma=2592000,h3-Q050=\":443\"; ma=2592000,h3-Q046=\":443\"; ma=2592000,h3-Q043=\":443\"; ma=2592000,quic=\":443\"; ma=2592000; v=\"46,43\"","accept-ranges":"none","transfer-encoding":"chunked"}
[debug] [2022-02-16T18:39:17.159Z] >>> HTTP REQUEST POST https://firebasehosting.googleapis.com/v1beta1/sites/episjobadmin/versions  
 {"config":{},"labels":{"deployment-tool":"cli-firebase"}}
